<?xml version="1.0" encoding="UTF-8" ?>
<testsuite errors="0" failures="0" hostname="jtd71" name="no.pstop.webapp.TireControllerTests" tests="1" time="1.785" timestamp="2010-02-02T09:12:55">
  <properties />
  <testcase classname="no.pstop.webapp.TireControllerTests" name="testSomething" time="1.784" />
  <system-out><![CDATA[--Output from testSomething--
]]></system-out>
  <system-err><![CDATA[--Output from testSomething--
]]></system-err>
</testsuite>
