<?xml version="1.0" encoding="UTF-8" ?>
<testsuite errors="0" failures="0" hostname="jtd71" name="no.pstop.webapp.TireTests" tests="4" time="0.753" timestamp="2010-02-02T09:36:24">
  <properties />
  <testcase classname="no.pstop.webapp.TireTests" name="testGenerateTire" time="0.582" />
  <testcase classname="no.pstop.webapp.TireTests" name="testGenerateTireWithUnvalideWidth" time="0.115" />
  <testcase classname="no.pstop.webapp.TireTests" name="testGenerateTireWithUnvalidProfile" time="0.035" />
  <testcase classname="no.pstop.webapp.TireTests" name="testGenerateTireWithUnvalidConstruction" time="0.019" />
  <system-out><![CDATA[--Output from testGenerateTire--
--Output from testGenerateTireWithUnvalideWidth--
--Output from testGenerateTireWithUnvalidProfile--
--Output from testGenerateTireWithUnvalidConstruction--
]]></system-out>
  <system-err><![CDATA[--Output from testGenerateTire--
--Output from testGenerateTireWithUnvalideWidth--
--Output from testGenerateTireWithUnvalidProfile--
--Output from testGenerateTireWithUnvalidConstruction--
]]></system-err>
</testsuite>
